MPASM  5.35beta                       PROGRAM.ASM   4-25-2017  23:56:47         PAGE  1


LOC  OBJECT CODE     LINE SOURCE TEXT
  VALUE

                      00001         title   "7segment"
                      00002         list    p=16F84A
                      00003         radix   HEX
                      00004         Include "p16F84A.inc"
                      00001         LIST
                      00002 ; P16F84A.INC  Standard Header File, Version 2.00    Microchip Technology, Inc.
                      00134         LIST
  0000000C            00005 MODE    EQU     d'12'
  0000000D            00006 COUNT1  EQU     d'13'
  0000000E            00007 COUNT2  EQU     d'14'
  0000000F            00008 COUNT3  EQU     d'15'
  00000010            00009 M1      EQU     d'16'
  00000011            00010 M2      EQU     d'17'
  00000012            00011 M3      EQU     d'18'
  00000013            00012 M4      EQU     d'19'
  00000014            00013 M5      EQU     d'20'
  00000015            00014 M6      EQU     d'21'
  00000016            00015 M7      EQU     d'22'
  00000017            00016 M8      EQU     d'23'
  00000018            00017 M9      EQU     d'24'
  00000019            00018 M10     EQU     d'25'
  0000001A            00019 M11     EQU     d'26'
  0000001B            00020 M12     EQU     d'27'
  0000001C            00021 M13     EQU     d'28'
  0000001D            00022 M14     EQU     d'29'
  0000001E            00023 M15     EQU     d'30'
  0000001F            00024 M16     EQU     d'31'
  00000020            00025 M17     EQU     d'32'
  00000021            00026 M18     EQU     d'33'
  00000022            00027 M19     EQU     d'34'
  00000023            00028 M20     EQU     d'35'
  00000024            00029 CURSORLOC       EQU     D'36'
  00000025            00030 STARTLOC        EQU     D'37'
  00000026            00031 STARTFSR        EQU     D'38'
  00000027            00032 ITR1    EQU     D'39'
  00000028            00033 ITR2    EQU     D'40'
  00000029            00034 OBS     equ     d'41'
  0000002A            00035 OBSTEMP equ     d'42'
  0000002B            00036 OBSCOUNT        EQU     D'43'
  0000002C            00037 REGLOC  EQU     D'44'
  0000002D            00038 COUNTTIME       EQU     D'45'
  0000002E            00039 OBS2    EQU     D'46'
  0000002F            00040 TEMP    EQU     D'47'
  00000030            00041 SE      EQU     D'48'
  00000031            00042 REMAININGOBS    EQU     D'49'
  00000032            00043 DONEALG EQU     D'50'
                      00044 
                      00045 ;       Part A / B : initialization
0000                  00046         ORG     0x0
0000   2808           00047         GOTO    MAIN1
0004                  00048         ORG     0x04
                      00049         
0004   180B           00050         BTFSC   INTCON,RBIF
MPASM  5.35beta                       PROGRAM.ASM   4-25-2017  23:56:47         PAGE  2
7segment

LOC  OBJECT CODE     LINE SOURCE TEXT
  VALUE

0005   2872           00051         GOTO    ARBI
                      00052         
0006   190B           00053         BTFSC   INTCON, T0IF
0007   2940           00054         GOTO    TMRZERO
                      00055 
0008                  00056 MAIN1   
0008   1683           00057         BSF     STATUS,RP0
                      00058         ;==== SETTING THE INPUTS AND THE OUTPUTS ======
Message[302]: Register in operand not in bank 0.  Ensure that bank bits are correct.
0009   0185           00059         CLRF    TRISA
Message[302]: Register in operand not in bank 0.  Ensure that bank bits are correct.
000A   1606           00060         BSF     TRISB,4
Message[302]: Register in operand not in bank 0.  Ensure that bank bits are correct.
000B   1686           00061         BSF     TRISB,5
Message[302]: Register in operand not in bank 0.  Ensure that bank bits are correct.
000C   1706           00062         BSF     TRISB,6
Message[302]: Register in operand not in bank 0.  Ensure that bank bits are correct.
000D   1786           00063         BSF     TRISB,7
Message[302]: Register in operand not in bank 0.  Ensure that bank bits are correct.
000E   1006           00064         BCF     TRISB,0
Message[302]: Register in operand not in bank 0.  Ensure that bank bits are correct.
000F   1086           00065         BCF     TRISB,1
Message[302]: Register in operand not in bank 0.  Ensure that bank bits are correct.
0010   1106           00066         BCF     TRISB,2
Message[302]: Register in operand not in bank 0.  Ensure that bank bits are correct.
0011   1186           00067         BCF     TRISB,3
                      00068         ;====
                      00069         
                      00070         ;==== ENABLING INTERRUPTS
0012   3087           00071         MOVLW   B'10000111'
Message[302]: Register in operand not in bank 0.  Ensure that bank bits are correct.
0013   0081           00072         MOVWF   OPTION_REG
                      00073         ;====
                      00074         
                      00075         ;==== SWITCHING BACK THE BANK
0014   1283           00076         BCF     STATUS,RP0
0015   0185           00077         CLRF    PORTA
0016   0186           00078         CLRF    PORTB
                      00079         ;===
                      00080         
                      00081 
                      00082         ;==== DISPLAY SETUP
0017   2305           00083         Call    DELAY1
0018   3002           00084         MOVLW   B'00010'
0019   0085           00085         MOVWF   PORTA
001A   232F           00086         Call    ET
001B   3002           00087         MOVLW   B'00010'
001C   0085           00088         MOVWF   PORTA
001D   232F           00089         Call    ET
001E   3008           00090         MOVLW   B'01000'
001F   0085           00091         MOVWF   PORTA
0020   232F           00092         Call    ET
0021   3000           00093         MOVLW   B'00000'
MPASM  5.35beta                       PROGRAM.ASM   4-25-2017  23:56:47         PAGE  3
7segment

LOC  OBJECT CODE     LINE SOURCE TEXT
  VALUE

0022   0085           00094         MOVWF   PORTA
0023   232F           00095         Call    ET
0024   300C           00096         MOVLW   B'01100'
0025   0085           00097         MOVWF   PORTA
0026   232F           00098         Call    ET
0027   22D8           00099         CALL    CLEARDISP
0028   3000           00100         MOVLW   B'00000'
0029   0085           00101         MOVWF   PORTA
002A   232F           00102         Call    ET
002B   3006           00103         MOVLW   B'00110'
002C   0085           00104         MOVWF   PORTA
002D   232F           00105         Call    ET
                      00106         ;=======
                      00107         
                      00108         
002E                  00109 MAIN
                      00110         ;==== CLEARING THE F REGISTERS USING THE FSR 
002E   3010           00111         MOVLW   10
002F   0084           00112         MOVWF   FSR
0030                  00113 NEXT
0030   0180           00114         CLRF    INDF
0031   0A84           00115         INCF    FSR,F
0032   1F04           00116         BTFSS   FSR,6
0033   2830           00117         GOTO    NEXT
                      00118         ;====
                      00119         
                      00120         ;====   MAKING SURE THAT THE LEDS ARE OFF (IN CASE WE ARE COMING BACK FROM THE ALGORITHM)
                      00121         
0034   1106           00122         BCF     PORTB,2
0035   1186           00123         BCF     PORTB,3
                      00124         ;======
                      00125         
                      00126         
0036   01B2           00127         CLRF    DONEALG ; CLEARING THE ALGORITHM FLAG
0037   22E9           00128         CALL    BLINKOFF
                      00129         
                      00130         ;====   PRINTING THE WELCOME SCREEN
0038   3028           00131         MOVLW   B'00101000';adress 02
0039   22B1           00132         CALL    SETADD
003A   228D           00133         CALL    MAZE            ;"MAZE"
003B   22F0           00134         CALL    CLEARCHAR       ;" "
003C   229C           00135         CALL    SPRINT          ;"S"
003D   22A5           00136         CALL    OPRINT          ;"O"
003E   30C4           00137         MOVLW   B'11000100';"L"
003F   22A8           00138         CALL    PRINT
0040   3065           00139         MOVLW   B'01100101';"V"
0041   22A8           00140         CALL    PRINT
0042   229F           00141         CALL    EPRINT
0043   3025           00142         MOVLW   B'00100101';"R"
0044   22A8           00143         CALL    PRINT
                      00144         ;====
                      00145 
0045   2322           00146         CALL    DELAY4  ;DELAY TO MAKE SURE THE WELCOME SCREEN IS STILL DIPLAYED
MPASM  5.35beta                       PROGRAM.ASM   4-25-2017  23:56:47         PAGE  4
7segment

LOC  OBJECT CODE     LINE SOURCE TEXT
  VALUE

0046   22D8           00147         CALL    CLEARDISP       ;CLEAR DIPLAY TO ACCESS MAIN MENU
                      00148 
                      00149 
                      00150         ;=== MAIN MENU
                      00151                 ;==== PRINTING THE MAIN MENU
0047   3048           00152         MOVLW   B'01001000';position at address 04
0048   22B1           00153         CALL    SETADD
0049   3044           00154         MOVLW   B'01000100';"D"
004A   22A8           00155         CALL    PRINT
004B   229F           00156         CALL    EPRINT
004C   3064           00157         MOVLW   B'01100100';"F"
004D   22A8           00158         CALL    PRINT  
004E   22A2           00159         CALL    APRINT
004F   3055           00160         MOVLW   B'01010101';"U"
0050   22A8           00161         CALL    PRINT
0051   30C4           00162         MOVLW   B'11000100';"L"
0052   22A8           00163         CALL    PRINT
0053   3045           00164         MOVLW   B'01000101';"T"
0054   22A8           00165         CALL    PRINT
0055   301C           00166         MOVLW   B'00011100';position at address 41
0056   22B1           00167         CALL    SETADD
0057   22A5           00168         CALL    OPRINT
0058   3024           00169         MOVLW   B'00100100';"B"
0059   22A8           00170         CALL    PRINT
005A   229C           00171         CALL    SPRINT
005B   3045           00172         MOVLW   B'01000101';"T"
005C   22A8           00173         CALL    PRINT
005D   22A2           00174         CALL    APRINT  
005E   3034           00175         MOVLW   B'00110100';"C"
005F   22A8           00176         CALL    PRINT
0060   30C4           00177         MOVLW   B'11000100';"L"
0061   22A8           00178         CALL    PRINT 
0062   229F           00179         CALL    EPRINT
0063   30BC           00180         MOVLW   B'10111100';position at adress 51
0064   22B1           00181         CALL    SETADD
0065   228D           00182         CALL    MAZE
0066   3038           00183         MOVLW   B'00111000';position at adress 03
0067   22B1           00184         CALL    SETADD
0068   22DF           00185         CALL    PRINTPOINTER;"*"
                      00186                 ;=======
                      00187                 
                      00188                 ;==== INITIAL MODE IS 1
0069   3001           00189         MOVLW   B'000000001'
006A   008C           00190         MOVWF   MODE
                      00191                 ;=====
006B   301E           00192         MOVLW   d'30'
006C   00AD           00193         MOVWF   COUNTTIME       ; INITIALIZING THE COUNTER OF TIMER0
                      00194         
                      00195                 ;==== RESETTING THE FLAGS OF THE INTERRUPTS 
006D   3088           00196         MOVLW   B'10001000'
006E   008B           00197         MOVWF   INTCON
                      00198                 ;====
                      00199         ;====
MPASM  5.35beta                       PROGRAM.ASM   4-25-2017  23:56:47         PAGE  5
7segment

LOC  OBJECT CODE     LINE SOURCE TEXT
  VALUE

                      00200         
                      00201         
006F                  00202 INFLOOP ; KEEP THE DISPLAY WHILE WAITING WAITING FOR INTERRUPTS 
006F   1832           00203         BTFSC   DONEALG,0 ;CHECKING IF WE HAVE ALREADY RAN THE ALGORITHM, IF YES GO BACK TO THE WELCOME 
                            SCREEN AND RESTART THE MAZE SOLVER
0070   282E           00204         GOTO    MAIN
0071   286F           00205         GOTO    INFLOOP
                      00206 
                      00207                 
                      00208         ;==== RB INTERRUPTS 
0072                  00209 ARBI
0072   230E           00210         CALL    DELAY2 
0073   230E           00211         CALL    DELAY2 ; CALLING THE DELAY 2 TWICE FOR DEBOUNCING 
0074   1E06           00212         BTFSS   PORTB,4 ; CHECKING IF THE INPUT IS RB4
0075   287D           00213         GOTO    ARBI4
0076   1E86           00214         BTFSS   PORTB,5 ; CHECKING IF THE INPUT IS RB5
0077   2886           00215         GOTO    ARBI5
0078   1F06           00216         BTFSS   PORTB,6 ; CHECKING IF THE INPUT IS RB6
0079   2893           00217         GOTO    ARBI6
007A   1F86           00218         BTFSS   PORTB,7 ; CHECKING IF THE INPUT IS RB7
007B   2896           00219         GOTO    ARBI7
007C   2B01           00220         GOTO    RETRB
007D                  00221 ARBI4
007D   180C           00222         BTFSC   MODE,0 ; IN CASE WE WERE IN MODE 1 (POINTER ON DEFAULT) GO TO MODE 2
007E   28A2           00223         GOTO    MODE2
007F   188C           00224         BTFSC   MODE,1 ; IN CASE WE WERE IN MODE 2 (POINTER ON OBSTACLE) GO TO MODE 3
0080   28AB           00225         GOTO    MODE3
0081   190C           00226         BTFSC   MODE,2 ; IN CASE WE WERE IN MODE 3 (POINTER ON MAZE) GO TO MODE 1
0082   2899           00227         GOTO    MODE1
0083   1A0C           00228         BTFSC   MODE,4 ; IN CASE WE WERE IN MODE 5 MOVE THE OBSTACLE CURSOR (AFTER ENTERRING OBSTACLE MO
                            DE)
0084   290C           00229         GOTO    MOVEOBS
0085   2B01           00230         GOTO    RETRB
0086                  00231 ARBI5
0086   180C           00232         BTFSC   MODE,0 ; IN CASE WE WERE IN MODE 1 (POINTER ON DEFAULT) ENTER THE DEFAULT SUB MENU (MODE
                             4)
0087   28B4           00233         GOTO    MODE4
0088   188C           00234         BTFSC   MODE,1 ; IN CASE WE WERE IN MODE 2 (POINTER ON OBSTACLE) ENTER THE OBSTACLE SUB MENU (MO
                            DE 5)
0089   28C9           00235         GOTO    MODE5
008A   190C           00236         BTFSC   MODE,2 ; IN CASE WE WERE IN MODE 3 (POINTER ON MAZE) GO TO MODE 6 
008B   28E9           00237         GOTO    MODE6
                      00238         
008C   198C           00239         BTFSC   MODE,3 ; DEFAULT -> SOLVE ALGORITHM
008D   29AD           00240         GOTO    SETUPALG
008E   1A0C           00241         BTFSC   MODE,4 ; OBSTACLE -> PLACE OBSTACLE
008F   2920           00242         GOTO    PLACEOBS
0090   1A8C           00243         BTFSC   MODE,5 ; MAZE -> PLACE OBSTACLE MAZE 
0091   2969           00244         GOTO    PLACEOM
0092   2B01           00245         GOTO    RETRB
0093                  00246 ARBI6
0093   1A8C           00247         BTFSC   MODE,5 ; MAZE -> PLACE "S"
0094   2986           00248         GOTO    PLACES
MPASM  5.35beta                       PROGRAM.ASM   4-25-2017  23:56:47         PAGE  6
7segment

LOC  OBJECT CODE     LINE SOURCE TEXT
  VALUE

0095   2B01           00249         GOTO    RETRB
0096                  00250 ARBI7
0096   1A8C           00251         BTFSC   MODE,5 ; MAZE -> PLACE "E"
0097   2995           00252         GOTO    PLACEE
0098   2B01           00253         GOTO    RETRB
                      00254 
0099                  00255 MODE1
0099   3001           00256         MOVLW   B'00000001' ; SETTING THE FIRST BIT OF MODE TO 1 (BETTER FOR COMPARISONS)
009A   008C           00257         MOVWF   MODE
                      00258         ;==== REMOVING THE STAR POINTER FROM MAZE 
009B   30AC           00259         MOVLW   B'10101100'  
009C   22B1           00260         CALL    SETADD
009D   22F0           00261         CALL    CLEARCHAR
                      00262         ;========
                      00263         ;=== PRINT POINTER ON DEFAULT
009E   3038           00264         MOVLW   B'00111000'
009F   22B1           00265         CALL    SETADD
00A0   22DF           00266         CALL    PRINTPOINTER
00A1   2B01           00267         GOTO    RETRB
                      00268         
                      00269         
                      00270         ;=== SIMILAR TO MODE1 
00A2                  00271 MODE2 
00A2   3002           00272         MOVLW   B'00000010'
00A3   008C           00273         MOVWF   MODE
00A4   3038           00274         MOVLW   B'00111000'
00A5   22B1           00275         CALL    SETADD
00A6   22F0           00276         CALL    CLEARCHAR
00A7   300C           00277         MOVLW   B'00001100'
00A8   22B1           00278         CALL    SETADD
00A9   22DF           00279         CALL    PRINTPOINTER
00AA   2B01           00280         GOTO    RETRB
00AB                  00281 MODE3
00AB   3004           00282         MOVLW   B'00000100'
00AC   008C           00283         MOVWF   MODE
00AD   300C           00284         MOVLW   B'00001100'
00AE   22B1           00285         CALL    SETADD
00AF   22F0           00286         CALL    CLEARCHAR
00B0   30AC           00287         MOVLW   B'10101100'
00B1   22B1           00288         CALL    SETADD
00B2   22DF           00289         CALL    PRINTPOINTER
00B3   2B01           00290         GOTO    RETRB
                      00291         ;===========
                      00292         
                      00293         
                      00294         
00B4                  00295 MODE4
                      00296 ;PRINT THE DEFAULT SETUP 
00B4   3008           00297         MOVLW   B'00001000'
00B5   008C           00298         MOVWF   MODE            ;UPDATE MODE
00B6   22D8           00299         CALL    CLEARDISP
00B7   22E2           00300         CALL    BLINKON
00B8   22BA           00301         CALL    FILLDASH ;FILLS ALL REGISTERS WITH DASHES
MPASM  5.35beta                       PROGRAM.ASM   4-25-2017  23:56:47         PAGE  7
7segment

LOC  OBJECT CODE     LINE SOURCE TEXT
  VALUE

00B9   30FF           00302         MOVLW   B'11111111'; PLACE OBSTACLES IN THEIR RIGHT REGISTERS
00BA   0090           00303         MOVWF   M1
00BB   009B           00304         MOVWF   M12
00BC   009D           00305         MOVWF   M14
00BD   009E           00306         MOVWF   M15
00BE   00A2           00307         MOVWF   M19
00BF   00A3           00308         MOVWF   M20
00C0   3035           00309         MOVLW   B'00110101' ; PLACE START 
00C1   0095           00310         MOVWF   M6
00C2   3054           00311         MOVLW   B'01010100' ; PLACE END
00C3   009A           00312         MOVWF   M11
00C4   1506           00313         BSF     PORTB,2 ; TURNING ON LED 
00C5   22C4           00314         CALL    PRINTDISP ; PRINT THE CONENT OF THE REGISTERS IN THEIR RESPECTIVE POSITIONS 
00C6   3058           00315         MOVLW   H'58'
00C7   22B1           00316         CALL    SETADD ; SET THE CURSOR TO THE START POINT 
00C8   2B01           00317         GOTO    RETRB
                      00318         
                      00319         ;===== MODE 5 (OBSTACLE MODE) 
00C9                  00320 MODE5 
00C9   3010           00321         MOVLW   B'00010000'
00CA   008C           00322         MOVWF   MODE            ;UPDATE MODE
00CB   22D8           00323         CALL    CLEARDISP
00CC   22E2           00324         CALL    BLINKON
                      00325         ;OBSTACLE
00CD   22BA           00326         CALL    FILLDASH
00CE   3035           00327         MOVLW   B'00110101' ; SET "S"
00CF   0090           00328         MOVWF   M1
00D0   3054           00329         MOVLW   B'01010100' ; SET "E" 
00D1   00A3           00330         MOVWF   M20
00D2   22C4           00331         CALL    PRINTDISP ;
                      00332         ; PRINT "S@ 0,0" AT LOCATION 0C 
00D3   30C8           00333         MOVLW   H'C8'
00D4   22B1           00334         CALL    SETADD 
00D5   229C           00335         CALL    SPRINT
00D6   22F0           00336         CALL    CLEARCHAR
00D7   3004           00337         MOVLW   B'00000100';"@"
00D8   22A8           00338         CALL    PRINT   
00D9   30CC           00339         MOVLW   H'CC';NEXT LINE 
00DA   22B1           00340         CALL    SETADD
00DB   3003           00341         MOVLW   B'00000011';"0"
00DC   22A8           00342         CALL    PRINT
00DD   30C2           00343         MOVLW   B'11000010';""
00DE   22A8           00344         CALL    PRINT
00DF   3003           00345         MOVLW   B'00000011';"0"
00E0   22A8           00346         CALL    PRINT
00E1   3018           00347         MOVLW   B'00011000'
00E2   22B1           00348         CALL    SETADD
                      00349         ;====LOCATION OF FSR
00E3   3011           00350         MOVLW   D'17'
00E4   00AC           00351         MOVWF   REGLOC
                      00352         ;======
                      00353         ;=== 
00E5   3001           00354         MOVLW   B'00000001'
MPASM  5.35beta                       PROGRAM.ASM   4-25-2017  23:56:47         PAGE  8
7segment

LOC  OBJECT CODE     LINE SOURCE TEXT
  VALUE

00E6   00A9           00355         MOVWF   OBS
00E7   1586           00356         BSF     PORTB,3 ;TURNING ON LED
00E8   2B01           00357         GOTO    RETRB
                      00358         ;=== MAZE MODE
00E9                  00359 MODE6
00E9   3020           00360         MOVLW   B'00100000'
00EA   008C           00361         MOVWF   MODE            ;UPDATE MODE
00EB   22D8           00362         CALL    CLEARDISP
00EC   3008           00363         MOVLW   B'00001000'
00ED   22B1           00364         CALL    SETADD
00EE   22E2           00365         CALL    BLINKON
                      00366         ;MAZE
00EF   22BA           00367         CALL    FILLDASH
00F0   22C4           00368         CALL    PRINTDISP
                      00369         ;==OBSTACLE REMAINING 0
00F1   30C8           00370         MOVLW   H'C8'
00F2   22B1           00371         CALL    SETADD
00F3   22A5           00372         CALL    OPRINT ;"O"
00F4   3024           00373         MOVLW   B'00100100';"B"
00F5   22A8           00374         CALL    PRINT
00F6   229C           00375         CALL    SPRINT
00F7   30BC           00376         MOVLW   H'BC'
00F8   22B1           00377         CALL    SETADD
00F9   3025           00378         MOVLW   B'00100101';"R"
00FA   22A8           00379         CALL    PRINT
00FB   229F           00380         CALL    EPRINT
00FC   30D4           00381         MOVLW   B'11010100';M
00FD   22A8           00382         CALL    PRINT
00FE   22F0           00383         CALL    CLEARCHAR
00FF   3053           00384         MOVLW   B'01010011';"5"
0100   00B1           00385         MOVWF   REMAININGOBS ;CONTAINS CHARACTER CODE OF DIGIT
0101   22A8           00386         CALL    PRINT   
0102   3010           00387         MOVLW   D'16' ;FSR TO FIRST REGISTER
0103   0084           00388         MOVWF   FSR
0104   3008           00389         MOVLW   B'00001000' ;MOVE CURSOR TO THE FIRST LOCATION
0105   22B1           00390         CALL    SETADD
0106   3008           00391         MOVLW   08
0107   00A4           00392         MOVWF   CURSORLOC       ;UPDATE CURSORLOC
                      00393         ;TURN ON BOTH LEDS
0108   1506           00394         BSF     PORTB,2
0109   1586           00395         BSF     PORTB,3
010A   168B           00396         BSF     INTCON,5 ;ENABLE TIMER ZERO INTERRUPT
010B   2B01           00397         GOTO    RETRB   
                      00398         
                      00399         
                      00400         ;=========
010C                  00401 MOVEOBS
010C   0829           00402         MOVF    OBS,W
010D   00AA           00403         MOVWF   OBSTEMP
010E   0829           00404         MOVF    OBS,W
010F   3C09           00405         SUBLW   d'09'
0110   1903           00406         BTFSC   STATUS,Z ;IF WE ARE AT THE LAST ONE ON THE FIRST LINE GO TO THE SECOND LINE
0111   2938           00407         GOTO    ADDRESS17
MPASM  5.35beta                       PROGRAM.ASM   4-25-2017  23:56:47         PAGE  9
7segment

LOC  OBJECT CODE     LINE SOURCE TEXT
  VALUE

0112   0829           00408         MOVF    OBS,W
0113   3C12           00409         SUBLW   d'18'
0114   1903           00410         BTFSC   STATUS,Z
0115   29AD           00411         GOTO    SETUPALG        ;IF WE ARE AT THE FIRST CHARCATER OF TEH SECOND LINE WE RI=UN ALGORITHM
0116   0829           00412         MOVF    OBS,W
0117   3009           00413         MOVLW   d'09'
0118   02A9           00414         SUBWF   OBS,F
0119   0829           00415         MOVF    OBS,W
011A   00AE           00416         MOVWF   OBS2
011B   1BAE           00417         BTFSC   OBS2,7 ;IF WE ARE ON THE FIRST LINE MOVE RIGHT
011C   2132           00418         CALL    SHIFTRIGHT
011D   1FAE           00419         BTFSS   OBS2,7 ;IF WE ARE ON THE FIRST LINE MOVE RIGHT
011E   212C           00420         CALL    SHIFTLEFT
011F   2B01           00421         GOTO    RETRB
0120                  00422 PLACEOBS
0120   082C           00423         MOVF    REGLOC,W
0121   0084           00424         MOVWF   FSR
0122   30FF           00425         MOVLW   B'11111111' ;PLACE OBSTACLE IN MEMORY
0123   0080           00426         MOVWF   INDF
0124   22A8           00427         CALL    PRINT ; PRINT OBSTACLE
0125   0AAB           00428         INCF    OBSCOUNT,F ;INCREMENT OBSTACLE COUNT
0126   22F3           00429         CALL    CURSORLEFT ; MOVE CURSOR BACK TO THE LEFT BECAUSE PRINTING MOVE IT RIGHT
0127   3005           00430         MOVLW   D'5'
0128   022B           00431         SUBWF   OBSCOUNT,W
0129   1903           00432         BTFSC   STATUS,Z ;CHECK IF WE HAVE FIVE OBSTACLE IF YES GO TO ALGORITHM
012A   29AD           00433         GOTO    SETUPALG
012B   290C           00434         GOTO    MOVEOBS
012C                  00435 SHIFTLEFT ;CURSOR SHIFT AND UPDATE REGLOC
012C   22F3           00436         CALL    CURSORLEFT
012D   082A           00437         MOVF    OBSTEMP,W
012E   3E01           00438         ADDLW   b'1'
012F   00A9           00439         MOVWF   OBS
0130   03AC           00440         DECF    REGLOC,F
0131   0008           00441         RETURN
0132                  00442 SHIFTRIGHT ;CURSOR SHIFT AND UPDATE REGLOC
0132   22FA           00443         CALL    CURSORRIGHT
0133   082A           00444         MOVF    OBSTEMP,W
0134   3E01           00445         ADDLW   b'1'
0135   00A9           00446         MOVWF   OBS
0136   0AAC           00447         INCF    REGLOC,F
0137   0008           00448         RETURN
0138                  00449 ADDRESS17 ;ADDRES OF THE SECOND TO LAST REGISTER
0138   308C           00450         MOVLW   8C
0139   22B1           00451         CALL    SETADD
013A   082A           00452         MOVF    OBSTEMP,W
013B   3E01           00453         ADDLW   b'1'
013C   00A9           00454         MOVWF   OBS
013D   3022           00455         MOVLW   D'34'
013E   00AC           00456         MOVWF   REGLOC
013F   2B01           00457         GOTO    RETRB
                      00458         
                      00459 
                      00460                 
MPASM  5.35beta                       PROGRAM.ASM   4-25-2017  23:56:47         PAGE 10
7segment

LOC  OBJECT CODE     LINE SOURCE TEXT
  VALUE

0140                  00461 TMRZERO
                      00462 
0140   0BAD           00463         DECFSZ  COUNTTIME,F     ; 2 sec delay
0141   2B03           00464         GOTO    RETT0   
0142   301E           00465         MOVLW   d'30'
0143   00AD           00466         MOVWF   COUNTTIME
0144   0181           00467         CLRF    TMR0
                      00468         
0145   0804           00469         MOVF    FSR,W
0146   3C19           00470         SUBLW   D'25' ; IF WE ARE ON THE END OF THE FIRST LINE GO TO THE SECOND LINE
0147   1903           00471         BTFSC   STATUS,Z
0148   2957           00472         GOTO    DOWNLINE
                      00473         
0149   0804           00474         MOVF    FSR,W
014A   3C1A           00475         SUBLW   D'26'   ;IF WE ARE ON THE START OF THE FIRST LINE GO TO THE FIRST LINE
014B   1903           00476         BTFSC   STATUS,Z
014C   295D           00477         GOTO    UPLINE
                      00478         
014D   3019           00479         MOVLW   D'25'
014E   0204           00480         SUBWF   FSR,W
014F   00AF           00481         MOVWF   TEMP
0150   1BAF           00482         BTFSC   TEMP,7 ;IF WE ARE ON THE FIRST LINE GO RIGHT
0151   2963           00483         GOTO    LINE1T
                      00484         
0152   301A           00485         MOVLW   D'26'
0153   0204           00486         SUBWF   FSR,W
0154   00AF           00487         MOVWF   TEMP
0155   1FAF           00488         BTFSS   TEMP,7 ;IF WE ARE ON THE SECOND LINE GO  LEFT
0156   2966           00489         GOTO    LINE2T
                      00490 
0157                  00491 DOWNLINE        ;GO DOWN IF WE REACH END OF FIRST LINE, UPDATE FSR TO 35 AND CURSOR LOC
0157   309C           00492         MOVLW   9C
0158   00A4           00493         MOVWF   CURSORLOC
0159   22B1           00494         CALL    SETADD
015A   3023           00495         MOVLW   D'35'
015B   0084           00496         MOVWF   FSR
015C   2B03           00497         GOTO    RETT0
015D                  00498 UPLINE          ;GO UP IF WE REACH THE BEGINNING OF SECOND LINE, UPDATE FSR TO 16 AND CURSOR LOC
015D   3008           00499         MOVLW   08
015E   00A4           00500         MOVWF   CURSORLOC
015F   22B1           00501         CALL    SETADD
0160   3010           00502         MOVLW   D'16'
0161   0084           00503         MOVWF   FSR
0162   2B03           00504         GOTO    RETT0
0163                  00505 LINE1T          ;GO RIGHT IF WE ARE ON THE FIRST LINE, INCREMENT FSR AND CURSOR LOC
0163   0A84           00506         INCF    FSR,F
0164   2285           00507         CALL    CURSORLOCINC
0165   2B03           00508         GOTO    RETT0
0166                  00509 LINE2T          ;GO LEFT IF WE ARE ON THE SECOND LINE, DECREMENT FSR AND CURSOR LOC
0166   0384           00510         DECF    FSR,F
0167   2289           00511         CALL    CURSORLOCDEC
0168   2B03           00512         GOTO    RETT0
                      00513         
MPASM  5.35beta                       PROGRAM.ASM   4-25-2017  23:56:47         PAGE 11
7segment

LOC  OBJECT CODE     LINE SOURCE TEXT
  VALUE

0169                  00514 PLACEOM
0169   0800           00515         MOVF    INDF,W
016A   3CF5           00516         SUBLW   B'11110101'
016B   1D03           00517         BTFSS   STATUS,Z        ;CHECK IS THE LOCATION IS EMPTY
016C   29A9           00518         GOTO    BUZZER          ;IF NOT EMPTY GOTO BUZZER
016D   3005           00519         MOVLW   D'5'            
016E   022B           00520         SUBWF   OBSCOUNT,W      
016F   1903           00521         BTFSC   STATUS,Z        ;CHECK IF WE HAVE ALREADY FIVE OBSTACLES
0170   29A9           00522         GOTO    BUZZER
0171   30FF           00523         MOVLW   B'11111111'
0172   0080           00524         MOVWF   INDF
0173   22A8           00525         CALL    PRINT           ;PRINT OBSTACLE
0174   0AAB           00526         INCF    OBSCOUNT,F      ;INCREASE OBSTACLE COUNT
0175   3010           00527         MOVLW   10
0176   02B1           00528         SUBWF   REMAININGOBS,1  ;DECREMENT REMAININGOBS BY 16 (BECAUSE WE ARE CHANGING CODES FOR CHARACT
                            ER PRINTING)
0177   30FC           00529         MOVLW   H'FC'
0178   22B1           00530         CALL    SETADD  
0179   0831           00531         MOVF    REMAININGOBS,W
017A   22A8           00532         CALL    PRINT                   ;PRINT REMAINING OBSTACLE
017B   0824           00533         MOVF    CURSORLOC,W
017C   22B1           00534         CALL    SETADD
017D   3005           00535         MOVLW   D'5'
017E   022B           00536         SUBWF   OBSCOUNT,W
017F   1D03           00537         BTFSS   STATUS,Z        ;IF OBSTACLE COUNT IS 5 (WE PLACED LAST OBSTACLE) 
0180   2B01           00538         GOTO    RETRB
0181   3003           00539         MOVLW   D'3'
0182   0230           00540         SUBWF   SE,W
0183   1903           00541         BTFSC   STATUS,Z        ;CHECK IS S AND E HAVE BEEN PLACED
0184   29AD           00542         GOTO    SETUPALG        ;GOTO ALGORITHM
0185   2B01           00543         GOTO    RETRB
                      00544         
0186                  00545 PLACES
0186   0800           00546         MOVF    INDF,W
0187   3CF5           00547         SUBLW   B'11110101'
0188   1D03           00548         BTFSS   STATUS,Z        ;CHECK IF IT IS EMPTY
0189   29A9           00549         GOTO    BUZZER          ;IF NOT EMPTY GOTO BUZZER
018A   1830           00550         BTFSC   SE,0            ;IF S HAS ALREADY BEEN PLACED GOTO BUZZER
018B   29A9           00551         GOTO    BUZZER
018C   3035           00552         MOVLW   B'00110101'     ;UPDATE S IN MEMORY
018D   0080           00553         MOVWF   INDF            
018E   22A8           00554         CALL    PRINT           ;PRINT S
018F   22F3           00555         CALL    CURSORLEFT      ;MOVE BACK CURSOR TO LEFT BECAUSE PRINT MOVES CURSOR RIGHT
0190   1106           00556         BCF     PORTB,2                 ;TURN OFF LED
0191   1430           00557         BSF     SE,0                    ;MARK THAT S HAS BEEN PLACED
0192   18B0           00558         BTFSC   SE,1            ;CHECK IF ALSO E HAS BEEN PLACED
0193   29A4           00559         GOTO    CHECKOBS        ;IF YES CHECK OBSTACLES 
0194   2B01           00560         GOTO    RETRB
                      00561 
                      00562 
0195                  00563 PLACEE
0195   0800           00564         MOVF    INDF,W
0196   3CF5           00565         SUBLW   B'11110101'
MPASM  5.35beta                       PROGRAM.ASM   4-25-2017  23:56:47         PAGE 12
7segment

LOC  OBJECT CODE     LINE SOURCE TEXT
  VALUE

0197   1D03           00566         BTFSS   STATUS,Z        ;CHECK IF IT IS EMPTY
0198   29A9           00567         GOTO    BUZZER          ;IF NOT EMPTY GOTO BUZZER
0199   18B0           00568         BTFSC   SE,1            ;IF E HAS ALREADY BEEN PLACED GOTO BUZZER
019A   29A9           00569         GOTO    BUZZER
019B   3054           00570         MOVLW   B'01010100'     ;UPDATE E IN MEMORY
019C   0080           00571         MOVWF   INDF
019D   22A8           00572         CALL    PRINT           ;PRINT E
019E   22F3           00573         CALL    CURSORLEFT      ;MOVE BACK CURSOR TO LEFT BECAUSE PRINT MOVES CURSOR RIGHT
019F   14B0           00574         BSF     SE,1                    ;MARK THAT E HAS BEEN PLACED
01A0   1186           00575         BCF     PORTB,3                 ;TURN OFF LED
01A1   1830           00576         BTFSC   SE,0            ;CHECK IF ALSO E HAS BEEN PLACED
01A2   29A4           00577         GOTO    CHECKOBS        ;IF YES CHECK OBSTACLES
01A3   2B01           00578         GOTO    RETRB
                      00579 
01A4                  00580 CHECKOBS
01A4   3005           00581         MOVLW   D'5'            
01A5   022B           00582         SUBWF   OBSCOUNT,W
01A6   1903           00583         BTFSC   STATUS,Z        ;CHECK IF FIVE OBSTACLES HAVE BEEN PLACED
01A7   29AD           00584         GOTO    SETUPALG        ;IF YES GOTO ALGORITHM
01A8   2B01           00585         GOTO    RETRB
01A9                  00586 BUZZER
01A9   1406           00587         BSF     PORTB,0                 ;TURN ON BUZZER
01AA   2305           00588         CALL    DELAY1
01AB   1006           00589         BCF     PORTB,0                 ;TURN OFF BUZZER
01AC   2B01           00590         GOTO    RETRB
                      00591         
                      00592         
                      00593         
01AD                  00594 SETUPALG
01AD   3013           00595         MOVLW   B'00010011'     ;ITR1 IS THE CHARACTER CODE OF THE UNITS DIGIT IN ITERATIONS
01AE   00A7           00596         MOVWF   ITR1
01AF   3003           00597         MOVLW   B'00000011'     ;ITR2 IS THE CHARACTER CODE OF THE TENS DIGIT IN ITERATIONS
01B0   00A8           00598         MOVWF   ITR2
01B1   1106           00599         BCF     PORTB,2                 ;TURN OFF BOTH LEDS
01B2   1186           00600         BCF     PORTB,3
01B3   3000           00601         MOVLW   00                      ;DISBALE TIMER ITERRUPT
01B4   008B           00602         MOVWF   INTCON
01B5   22D8           00603         CALL    CLEARDISP       ;CLEAR DISPLAY
01B6   22C4           00604         CALL    PRINTDISP       ;PRINT MAP FROM MEMORY
01B7   226A           00605         CALL    ITRPRT          ;PRINT ITERATION COUNT
01B8   3008           00606         MOVLW   08                      ;INITIAL CURSORLOC AT 00
01B9   00A4           00607         MOVWF   CURSORLOC       
01BA   22B1           00608         CALL    SETADD
01BB   3010           00609         MOVLW   10                      ;INITIAL FSR AT 16
01BC   0084           00610         MOVWF   FSR
01BD                  00611 LOOPSTART
01BD   3035           00612         MOVLW   B'00110101'     ;"S" CHARACTER CODE
01BE   0200           00613         SUBWF   INDF,W
01BF   1903           00614         BTFSC   STATUS,Z        ;CHECK IF CHARACTER IN MEMORY IS "S"
01C0   29D2           00615         GOTO    START           ;IF YES START
01C1   0A84           00616         INCF    FSR,F           ;INCREMENT FSR
01C2   2285           00617         CALL    CURSORLOCINC    ;UPDATE CUROSR LOC
01C3   30A8           00618         MOVLW   h'A8'                   
MPASM  5.35beta                       PROGRAM.ASM   4-25-2017  23:56:47         PAGE 13
7segment

LOC  OBJECT CODE     LINE SOURCE TEXT
  VALUE

01C4   0224           00619         SUBWF   CURSORLOC,W     
01C5   1903           00620         BTFSC   STATUS,Z                ;IF WE ARE A THE END OF THE FIRST 
01C6   29C8           00621         GOTO    LOOP2START              ;MOVE TO THE SECOND PART OF THE LOOP
01C7   29BD           00622         GOTO    LOOPSTART
01C8                  00623 LOOP2START
01C8   300C           00624         MOVLW   0C                              ;SET CURSORLOC AS THE FIRST CHARACTER OF THE SECOND LINE
01C9   00A4           00625         MOVWF   CURSORLOC
01CA   22B1           00626         CALL    SETADD
01CB                  00627 LOOPSTART2
01CB   3035           00628         MOVLW   B'00110101'             ;CHECK IS CHARACTER IS "S"
01CC   0200           00629         SUBWF   INDF,W
01CD   1903           00630         BTFSC   STATUS,Z
01CE   29D2           00631         GOTO    START                   ;IF YES START
01CF   0A84           00632         INCF    FSR,F
01D0   2285           00633         CALL    CURSORLOCINC    ;UPDATE CUROSR LOC
01D1   29CB           00634         GOTO    LOOPSTART2
01D2                  00635 START
01D2   0824           00636         MOVF    CURSORLOC,W             
01D3   00A5           00637         MOVWF   STARTLOC                ;SAVE S LOCATION IN STARTLOC REGISTER
01D4   0804           00638         MOVF    FSR,W
01D5   00A6           00639         MOVWF   STARTFSR                ;SAVE S FSR IN STARTFSR REGISTER
01D6   29DC           00640         GOTO    CHECKRIGHT
01D7                  00641 RESTART         ;RESTORE FSR AND CURSOR LOC FROM STARTFSR AND STARTLOC IN CASE WE ARE RE-RUNNING AFTER A
                             BLOCK
01D7   0825           00642         MOVF    STARTLOC,W              
01D8   00A4           00643         MOVWF   CURSORLOC
01D9   22B1           00644         CALL    SETADD
01DA   0826           00645         MOVF    STARTFSR,W
01DB   0084           00646         MOVWF   FSR
01DC                  00647 CHECKRIGHT
01DC   0A84           00648         INCF    FSR,F                   ;LOOKING RIGHT
01DD   301A           00649         MOVLW   D'26'
01DE   0204           00650         SUBWF   FSR,W
01DF   1903           00651         BTFSC   STATUS,Z                ;CHECK IF IT IS THE LAST POSTION OF  THE FIRST LINE
01E0   29F4           00652         GOTO    RIGHTTOLEFT             ;IF IT IS GO CHECK LEFT
01E1   3024           00653         MOVLW   D'36'
01E2   0204           00654         SUBWF   FSR,W
01E3   1903           00655         BTFSC   STATUS,Z                ;CHECK IF IT IS THE LAST POSTION OF  THE SECOND LINE
01E4   29F4           00656         GOTO    RIGHTTOLEFT             ;IF IT IS GO CHECK LEFT
01E5   3054           00657         MOVLW   B'01010100'             
01E6   0200           00658         SUBWF   INDF,W
01E7   1903           00659         BTFSC   STATUS,Z                ;CHECK IF THE RIGHT POSITION IS AN "E"
01E8   2A59           00660         GOTO    DONE                    ;IF IT IS THEN DONE
01E9   30F5           00661         MOVLW   B'11110101'
01EA   0200           00662         SUBWF   INDF,W
01EB   1D03           00663         BTFSS   STATUS,Z                ;CHECK IF IT IS EMPTY
01EC   29F4           00664         GOTO    RIGHTTOLEFT             ;IF IT IS NOT EMPTY CHECK LEFT
01ED   2285           00665         CALL    CURSORLOCINC    ;INCREASE CURSOR LOC IN CASE WE ARE PRINTING A STAR
01EE   2305           00666         CALL    DELAY1
01EF   22DF           00667         CALL    PRINTPOINTER    ;PRINT POINTER
01F0   22F3           00668         CALL    CURSORLEFT              ;MOVE CURSOR TO LEFT AFTER IT HAS BEEN MOVED RIGHT IN PRINT
01F1   30A2           00669         MOVLW   B'10100010'             ;STORE "*" IN MEMORY
01F2   0080           00670         MOVWF   INDF
MPASM  5.35beta                       PROGRAM.ASM   4-25-2017  23:56:47         PAGE 14
7segment

LOC  OBJECT CODE     LINE SOURCE TEXT
  VALUE

01F3   29DC           00671         GOTO    CHECKRIGHT              ;CHECK RIGHT AGAIN
                      00672 
01F4                  00673 RIGHTTOLEFT
01F4   0384           00674         DECF    FSR,F                   ;DECREMENT FSR AFTER HAS BEEN INCREMENTED LOOKING RIGHT
01F5                  00675 CHECKLEFT
01F5   0384           00676         DECF    FSR,F                   ;LOOKING LEFT
01F6   300F           00677         MOVLW   D'15'
01F7   0204           00678         SUBWF   FSR,W
01F8   1903           00679         BTFSC   STATUS,Z                ;CHECK IF IT IS THE FIRST POSTION OF  THE FIRST LINE
01F9   2A25           00680         GOTO    LEFTTODOWN              ;IF IT IS GO CHECK UP OR DOWN DEPENDING ON THE LINE POSITION
01FA   3019           00681         MOVLW   D'25'                   
01FB   0204           00682         SUBWF   FSR,W
01FC   1903           00683         BTFSC   STATUS,Z                ;CHECK IF IT IS THE FIRST POSTION OF  THE SECOND LINE
01FD   2A10           00684         GOTO    LEFTTOUP                ;IF IT IS GO CHECK UP OR DOWN DEPENDING ON THE LINE POSITION
01FE   3054           00685         MOVLW   B'01010100'
01FF   0200           00686         SUBWF   INDF,W
0200   1903           00687         BTFSC   STATUS,Z                ;CHECK IF THE LEFT POSITION IS AN "E"
0201   2A59           00688         GOTO    DONE                    ;IF IT IS THEN DONE
0202   30F5           00689         MOVLW   B'11110101'
0203   0200           00690         SUBWF   INDF,W 
0204   1D03           00691         BTFSS   STATUS,Z                ;CHECK IF IT IS EMPTY
0205   2A0D           00692         GOTO    UPORDOWN                ;IF IT IS NOT GO CHECK UP OR DOWN DEPENDING ON THE LINE POSITION
0206   2289           00693         CALL    CURSORLOCDEC    ;UPDATE CURSOR LOC
0207   2305           00694         CALL    DELAY1          
0208   22DF           00695         CALL    PRINTPOINTER    ;PRINT POINTER
0209   22F3           00696         CALL    CURSORLEFT              ;MOVE CURSOR TO LEFT AFTER IT HAS BEEN MOVED RIGHT IN PRINT
020A   30A2           00697         MOVLW   B'10100010'
020B   0080           00698         MOVWF   INDF                    ;STORE "*" IN MEMORY
020C   29F5           00699         GOTO    CHECKLEFT               ;CHECK LEFT AGAIN
020D                  00700 UPORDOWN
020D   1924           00701         BTFSC   CURSORLOC,2             ;IF THIRD BIT OF CURSORLOC IS SET THEN WE ARE ON THE SECOND LINE
                             GO UP
020E   2A10           00702         GOTO    LEFTTOUP
020F   2A25           00703         GOTO    LEFTTODOWN              ;ELSE GO DOWN
0210                  00704 LEFTTOUP
0210   0A84           00705         INCF    FSR,F                   ;INCREMENT      FSR AFTER IF IT HAS BEEN DECREMENTED LOOKING LEF
                            T
0211                  00706 CHECKUP
0211   300A           00707         MOVLW   D'10'
0212   0284           00708         SUBWF   FSR,1                   ;DECREMENT FSR BY 10 TO CHECK UP
0213   3054           00709         MOVLW   B'01010100'     
0214   0200           00710         SUBWF   INDF,W
0215   1903           00711         BTFSC   STATUS,Z                ;CHECK IF THE UP POSITION IS AN "E"
0216   2A59           00712         GOTO    DONE                    ;IF IT IS THEN DONE
0217   30F5           00713         MOVLW   B'11110101'
0218   0200           00714         SUBWF   INDF,W
0219   1D03           00715         BTFSS   STATUS,Z                ;CHECK IF IT IS EMPTY
021A   2A3D           00716         GOTO    BLOCKUP                 ;IF IT IS NOT THEN BLOCK CURRENT POSITION
021B   3004           00717         MOVLW   04                              ;IF IT IS EMPTY
021C   02A4           00718         SUBWF   CURSORLOC,1             ;DECREMENT CURSORLOC BY 4 (PREVIOUS LINE)
021D   0824           00719         MOVF    CURSORLOC,W
021E   22B1           00720         CALL    SETADD
021F   2305           00721         CALL    DELAY1
MPASM  5.35beta                       PROGRAM.ASM   4-25-2017  23:56:47         PAGE 15
7segment

LOC  OBJECT CODE     LINE SOURCE TEXT
  VALUE

0220   22DF           00722         CALL    PRINTPOINTER    ;PRINT STAR
0221   22F3           00723         CALL    CURSORLEFT              ;MOVE CURSOR TO LEFT AFTER IT HAS BEEN MOVED RIGHT IN PRINT
0222   30A2           00724         MOVLW   B'10100010'             ;UPDATE MEMORY
0223   0080           00725         MOVWF   INDF
0224   29DC           00726         GOTO    CHECKRIGHT
0225                  00727 LEFTTODOWN
0225   0A84           00728         INCF    FSR,F
0226                  00729 CHECKDOWN
                      00730 
0226   300A           00731         MOVLW   D'10'
0227   0784           00732         ADDWF   FSR,1                   ;INCREMENT FSR BY 10 TO CHECK DOWN
0228   3054           00733         MOVLW   B'01010100'
0229   0200           00734         SUBWF   INDF,W
022A   1903           00735         BTFSC   STATUS,Z                ;CHECK IF THE DOWN POSITION IS AN "E"
022B   2A59           00736         GOTO    DONE                    ;IF IT IS THEN DONE
022C   30F5           00737         MOVLW   B'11110101'
022D   0200           00738         SUBWF   INDF,W
022E   1D03           00739         BTFSS   STATUS,Z                ;CHECK IF IT IS EMPTY
022F   2A3A           00740         GOTO    BLOCKDOWN               ;IF IT IS NOT THEN BLOCK CURRENT POSITION
0230   3004           00741         MOVLW   04                              ;IF IT IS EMPTY
0231   07A4           00742         ADDWF   CURSORLOC,1             ;INCREMENT CURSORLOC BY 4 (NEXT LINE)
0232   0824           00743         MOVF    CURSORLOC,W
0233   22B1           00744         CALL    SETADD
0234   2305           00745         CALL    DELAY1
0235   22DF           00746         CALL    PRINTPOINTER    ;PRINT STAR
0236   22F3           00747         CALL    CURSORLEFT              ;MOVE CURSOR TO LEFT AFTER IT HAS BEEN MOVED RIGHT IN PRINT
0237   30A2           00748         MOVLW   B'10100010'             ;UPDATE MEMORY
0238   0080           00749         MOVWF   INDF
0239   29DC           00750         GOTO    CHECKRIGHT
                      00751         
023A                  00752 BLOCKDOWN
023A   300A           00753         MOVLW   D'10'                   ;IF IT IS COMING TO BLOCK FROM CHECK DOWN
023B   0284           00754         SUBWF   FSR,1                   ;DECREMENT FSR BY 10 TO RESTORE AFTER LOOKING DOWN
023C   2A3F           00755         GOTO    BLOCK
023D                  00756 BLOCKUP
023D   300A           00757         MOVLW   D'10'                   ;IF IT IS COMING TO BLOCK FROM CHECK UP
023E   0784           00758         ADDWF   FSR,1                   ;INCREMENT FSR BY 10 TO RESTORE AFTER LOOKING UP
023F                  00759 BLOCK
023F   2305           00760         CALL    DELAY1
0240   3035           00761         MOVLW   B'00110101'
0241   0200           00762         SUBWF   INDF,W
0242   1903           00763         BTFSC   STATUS,Z                ;CHECK IF THE POSITION TO BE BLOCKED IS THE START
0243   2A77           00764         GOTO    PATHX                   ;IF YES PRINT PATHX
0244   30FF           00765         MOVLW   B'11111111'
0245   0080           00766         MOVWF   INDF                    ;UPADTE MEMORY
0246   22A8           00767         CALL    PRINT                   ;PRINT BLOCK
0247   300F           00768         MOVLW   0F                              ;FSR TO 15
0248   0084           00769         MOVWF   FSR
0249                  00770 REMOVESTARS
0249   0A84           00771         INCF    FSR,F                   ;SEARCHING FOR STARS TO REMOVE
024A   3024           00772         MOVLW   D'36'                   
024B   0204           00773         SUBWF   FSR,W
024C   1903           00774         BTFSC   STATUS,Z                ;CHECK IF WE ARE AT LAST CHARACTER OF SECOND LINE
MPASM  5.35beta                       PROGRAM.ASM   4-25-2017  23:56:47         PAGE 16
7segment

LOC  OBJECT CODE     LINE SOURCE TEXT
  VALUE

024D   2A55           00775         GOTO    RESE                    ;IF YES RESTART ALGORITHM
024E   30A2           00776         MOVLW   B'10100010'
024F   0200           00777         SUBWF   INDF,W
0250   1D03           00778         BTFSS   STATUS,Z                ;CHECK IF IT IS STAR
0251   2A49           00779         GOTO    REMOVESTARS             ;IF NOT CONTINUE LOOPING
0252   30F5           00780         MOVLW   B'11110101'             
0253   0080           00781         MOVWF   INDF                    ;IF IT IS STAR REPLACE BY "_"
0254   2A49           00782         GOTO    REMOVESTARS
0255                  00783 RESE
0255   22D8           00784         CALL    CLEARDISP               ;CLEAR DISPLAY
0256   22C4           00785         CALL    PRINTDISP               ;PRINT DISPLAY
0257   225F           00786         CALL    INCREMENTITR    ;INCREMENT ITERATIONS
0258   29D7           00787         GOTO    RESTART                 ;RESTART ALGORITHM
                      00788 
0259                  00789 DONE
0259   30BC           00790         MOVLW   H'BC'
025A   22B1           00791         CALL    SETADD
025B   2294           00792         CALL    PATH                    ;PRINT PATH* AT APPROPRIATE LOCATION
025C   22DF           00793         CALL    PRINTPOINTER
025D   1586           00794         BSF     PORTB,3
025E   2A81           00795         GOTO    RESTARTGAME
                      00796 
025F                  00797 INCREMENTITR
025F   3093           00798         MOVLW   B'10010011'             
0260   0227           00799         SUBWF   ITR1,W
0261   1903           00800         BTFSC   STATUS,Z                ;CHECK IF ITR1 IS 9
0262   2A66           00801         GOTO    INCREMENTITR2   ;IF YES INCREMENT SECOND DIGIT
0263   3010           00802         MOVLW   10                              ;ELSE INCREMENT ITR1
0264   07A7           00803         ADDWF   ITR1,F
0265   2A6A           00804         GOTO    ITRPRT                  ;PRINT ITRT
0266                  00805 INCREMENTITR2
0266   3003           00806         MOVLW   B'00000011'             ;SET ITR1 TO 0
0267   00A7           00807         MOVWF   ITR1
0268   3010           00808         MOVLW   10                              ;INCREASE ITR2
0269   07A8           00809         ADDWF   ITR2,F
026A                  00810 ITRPRT          ;PRINT ITR WOTH NUMBER AT APPROPRIATE LOACTION
026A   30B8           00811         MOVLW   H'B8'
026B   22B1           00812         CALL    SETADD
026C   3094           00813         MOVLW   B'10010100';"I'
026D   22A8           00814         CALL    PRINT
026E   3045           00815         MOVLW   B'01000101';"T"
026F   22A8           00816         CALL    PRINT
0270   3025           00817         MOVLW   B'00100101';"R"
0271   22A8           00818         CALL    PRINT
0272   0828           00819         MOVF    ITR2,W
0273   22A8           00820         CALL    PRINT
0274   0827           00821         MOVF    ITR1,W
0275   22A8           00822         CALL    PRINT
0276   0008           00823         RETURN
                      00824         
                      00825         
                      00826         
                      00827         ;====IN CASE PATH IS NOT FOUND
MPASM  5.35beta                       PROGRAM.ASM   4-25-2017  23:56:47         PAGE 17
7segment

LOC  OBJECT CODE     LINE SOURCE TEXT
  VALUE

0277                  00828 PATHX           
                      00829                 ;====PRINT PATHX
0277   30BC           00830         MOVLW   H'BC'
0278   22B1           00831         CALL    SETADD  
0279   2294           00832         CALL    PATH
027A   3085           00833         MOVLW   B'10000101';X
027B   22A8           00834         CALL    PRINT
                      00835                 ;===========
027C   1506           00836         BSF     PORTB,2 ;TURN ON RED LED
027D   1406           00837         BSF     PORTB,0 ;TURN ON BUZZER
027E   2322           00838         CALL    DELAY4  ;DELAY
027F   1006           00839         BCF     PORTB,0 ;TURN OFF BUZZER
0280   2A81           00840         GOTO    RESTARTGAME
                      00841         ;=============================
                      00842 
0281                  00843 RESTARTGAME     ;RESTART GAME
0281   2315           00844         CALL    DELAY3
0282   22D8           00845         CALL    CLEARDISP
0283   1432           00846         BSF     DONEALG,0
0284   2B01           00847         GOTO    RETRB
                      00848         
0285                  00849 CURSORLOCINC     ;UPDATE CURSORLOC AND MOVE IT TO THE RIGHT
0285   3010           00850         MOVLW   10
0286   07A4           00851         ADDWF   CURSORLOC,1
0287   22FA           00852         CALL    CURSORRIGHT
0288   0008           00853         RETURN
                      00854         
0289                  00855 CURSORLOCDEC    ;UPDATE CURSORLOC AND MOVE IT TO THE LEFT
0289   3010           00856         MOVLW   10
028A   02A4           00857         SUBWF   CURSORLOC,1
028B   22F3           00858         CALL    CURSORLEFT
028C   0008           00859         RETURN
                      00860         
028D                  00861 MAZE
028D   30D4           00862         MOVLW   B'11010100';"M"
028E   22A8           00863         CALL    PRINT
028F   22A2           00864         CALL    APRINT
0290   30A5           00865         MOVLW   B'10100101';"Z"
0291   22A8           00866         CALL    PRINT
0292   229F           00867         CALL    EPRINT
0293   0008           00868         RETURN
0294                  00869 PATH
0294   3005           00870         MOVLW   B'00000101';"P"
0295   22A8           00871         CALL    PRINT
0296   22A2           00872         CALL    APRINT
0297   3045           00873         MOVLW   B'01000101';"T"
0298   22A8           00874         CALL    PRINT
0299   3084           00875         MOVLW   B'10000100';"H"
029A   22A8           00876         CALL    PRINT
029B   0008           00877         RETURN
029C                  00878 SPRINT
029C   3035           00879         MOVLW   B'00110101';"S"
029D   22A8           00880         CALL    PRINT
MPASM  5.35beta                       PROGRAM.ASM   4-25-2017  23:56:47         PAGE 18
7segment

LOC  OBJECT CODE     LINE SOURCE TEXT
  VALUE

029E   0008           00881         RETURN
029F                  00882 EPRINT
029F   3054           00883         MOVLW   B'01010100';"E"
02A0   22A8           00884         CALL    PRINT
02A1   0008           00885         RETURN
02A2                  00886 APRINT
02A2   3014           00887         MOVLW   B'00010100';"A"
02A3   22A8           00888         CALL    PRINT
02A4   0008           00889         RETURN
02A5                  00890 OPRINT
02A5   30F4           00891         MOVLW   B'11110100';"O"
02A6   22A8           00892         CALL    PRINT
02A7   0008           00893         RETURN
                      00894         
                      00895         ;=======FUNCTION THAT PRINTS CHARACTER GIVEN IN W
02A8                  00896 PRINT
02A8   008F           00897         MOVWF   COUNT3          ;STORE W IN COUNT3 AS TEMP
02A9   0085           00898         MOVWF   PORTA           ;MOVE 5 LSB FROM W TO PORTA
02AA   1605           00899         BSF             PORTA,4         ;SET MSB OF PORTA (TO PRINT)
02AB   2334           00900         CALL    ETPRINT
02AC   0E0F           00901         SWAPF   COUNT3,W        ;SWAP 4 MSB AND 4 LSB OF COUNT3
02AD   0085           00902         MOVWF   PORTA           ;MOVE 5 LSB FROM W TO PORTA
02AE   1605           00903         BSF             PORTA,4         ;SET MSB OF PORTA (TO PRINT)
02AF   2334           00904         CALL    ETPRINT
02B0   0008           00905         RETURN
                      00906         ;===============================
                      00907         
                      00908         ;=====FUNCTION THAT SETS THE ADDRESS GIVEN IN W
02B1                  00909 SETADD
02B1   008F           00910         MOVWF   COUNT3          ;STORE W IN COUNT3 AS TEMP
02B2   0085           00911         MOVWF   PORTA           ;MOVE 5 LSB FROM W TO PORTA
02B3   1205           00912         BCF             PORTA,4         ;CLEAR MSB OF PORTA (TO SETADDRESS)
02B4   232F           00913         CALL    ET
02B5   0E0F           00914         SWAPF   COUNT3,W        ;SWAP 4 MSB AND 4 LSB OF COUNT3
02B6   0085           00915         MOVWF   PORTA           ;MOVE 5 LSB FROM W TO PORTA
02B7   1205           00916         BCF             PORTA,4         ;CLEAR MSB OF PORTA (TO SETADDRESS)
02B8   232F           00917         CALL    ET
02B9   0008           00918         RETURN
                      00919         ;================================
                      00920         
                      00921         ;===FUNCTION THAT FILLS THE MEMORY REGISTERS WITH "_"
02BA                  00922 FILLDASH
02BA   3010           00923         MOVLW   D'16'
02BB   0084           00924         MOVWF   FSR
02BC                  00925 LOOPDASH
02BC   30F5           00926                 MOVLW   B'11110101'
02BD   0080           00927                 MOVWF   INDF
02BE   0A84           00928                 INCF    FSR,F
02BF   0804           00929                 MOVF    FSR,W
02C0   3C24           00930                 SUBLW   D'36'
02C1   1D03           00931                 BTFSS   STATUS,Z
02C2   2ABC           00932                 GOTO    LOOPDASH
02C3   0008           00933         RETURN
MPASM  5.35beta                       PROGRAM.ASM   4-25-2017  23:56:47         PAGE 19
7segment

LOC  OBJECT CODE     LINE SOURCE TEXT
  VALUE

                      00934         ;============================
02C4                  00935 PRINTDISP
02C4   3010           00936         MOVLW   D'16' ;FSR ON FIRST REGISTER 
02C5   0084           00937         MOVWF   FSR
02C6   0800           00938 LOOPPRINT       MOVF    INDF,W ; MOVE CONTENTS OF THE FIRST REGISTER TO W AND PRINT 
02C7   22A8           00939                 CALL    PRINT
02C8   0A84           00940                 INCF    FSR,F
02C9   0804           00941                 MOVF    FSR,W
02CA   3C1A           00942                 SUBLW   D'26'
02CB   1903           00943                 BTFSC   STATUS,Z ; IF WE REACH THE END OF THE FIRST LINE, WE GO TO THE NEXT LINE 
02CC   22D2           00944                 CALL    SKIP10
02CD   0804           00945                 MOVF    FSR,W
02CE   3C24           00946                 SUBLW   D'36'
02CF   1D03           00947                 BTFSS   STATUS,Z ; IF WE REACH THE END OF THE SECOND LINE BREAK!
02D0   2AC6           00948                 GOTO    LOOPPRINT
02D1   0008           00949                 RETURN
                      00950                 ;=== FUNCTION THAT CHANGES THE ADDRESS TO 40 AND SAVE THE FSR VALUE IN TEMP WHILE ADDING
                             25 AFTER THE SUBTRACTION 
02D2   3E19           00951 SKIP10  ADDLW   D'25'
02D3   00AF           00952                 MOVWF   TEMP
02D4   300C           00953                 MOVLW   B'00001100'
02D5   22B1           00954                 CALL    SETADD
02D6   082F           00955                 MOVF    TEMP,W
02D7   0008           00956                 RETURN          
02D8                  00957 CLEARDISP ;=== FUNCTION THAT CLEARS THE DISPLAY 
02D8   3000           00958         MOVLW   B'00000'
02D9   0085           00959         MOVWF   PORTA
02DA   232F           00960         Call    ET
02DB   3001           00961         MOVLW   B'00001'
02DC   0085           00962         MOVWF   PORTA
02DD   232F           00963         Call    ET
02DE   0008           00964         RETURN
                      00965         
                      00966         
02DF                  00967 PRINTPOINTER    ;PRINT STAR
02DF   30A2           00968         MOVLW   B'10100010';"*"
02E0   22A8           00969         CALL    PRINT
02E1   0008           00970         RETURN
02E2                  00971 BLINKON         ;TURN ON BLINK AND CURSOR
02E2   3000           00972         MOVLW   B'00000'
02E3   0085           00973         MOVWF   PORTA
02E4   232F           00974         Call    ET
02E5   300F           00975         MOVLW   B'01111'
02E6   0085           00976         MOVWF   PORTA
02E7   232F           00977         Call    ET
02E8   0008           00978         RETURN
02E9                  00979 BLINKOFF        ;TURN OFF BLINK AND CURSOR
02E9   3000           00980         MOVLW   B'00000'
02EA   0085           00981         MOVWF   PORTA
02EB   232F           00982         Call    ET
02EC   300C           00983         MOVLW   B'01100'
02ED   0085           00984         MOVWF   PORTA
02EE   232F           00985         Call    ET
MPASM  5.35beta                       PROGRAM.ASM   4-25-2017  23:56:47         PAGE 20
7segment

LOC  OBJECT CODE     LINE SOURCE TEXT
  VALUE

02EF   0008           00986         RETURN
                      00987 
02F0                  00988 CLEARCHAR       ;PRINT SPACE
02F0   30EF           00989         MOVLW   B'11101111';" "
02F1   22A8           00990         CALL    PRINT
02F2   0008           00991         RETURN
                      00992 
                      00993         
                      00994         ;=== MOVE THE CURSOR RIGHT OR LEFT WITH FUNCTIONS GIVEN BY THE MANUAL 
02F3                  00995 CURSORLEFT 
02F3   3001           00996         MOVLW   B'00001'
02F4   0085           00997         MOVWF   PORTA
02F5   232F           00998         Call    ET
02F6   3000           00999         MOVLW   B'00000'
02F7   0085           01000         MOVWF   PORTA
02F8   232F           01001         Call    ET
02F9   0008           01002         RETURN
02FA                  01003 CURSORRIGHT
02FA   3001           01004         MOVLW   B'00001'
02FB   0085           01005         MOVWF   PORTA
02FC   232F           01006         Call    ET
02FD   3004           01007         MOVLW   B'00100'
02FE   0085           01008         MOVWF   PORTA
02FF   232F           01009         Call    ET
0300   0008           01010         RETURN
                      01011         
                      01012         ;============================
                      01013         
0301                  01014 RETRB ;RETURN FROM INTERUPT COMING FROM RB 
0301   100B           01015         BCF     INTCON,RBIF
0302   0009           01016         RETFIE
0303                  01017 RETT0 ;RETURN FROM INTERRUPT COMING FROM TIMER0
0303   110B           01018         BCF     INTCON,T0IF
0304   0009           01019         RETFIE
                      01020         
                      01021         
                      01022         ;=====DELAYS========================
0305                  01023 DELAY1  
0305   3000           01024         MOVLW   H'00'
0306   008E           01025         MOVWF   COUNT2
0307   3034           01026         MOVLW   0x34
0308   008D           01027         MOVWF   COUNT1
0309                  01028 LOOP1
0309   0F8E           01029         INCFSZ  COUNT2,F
030A   2B09           01030         GOTO    LOOP1
030B   0B8D           01031         DECFSZ  COUNT1,F
030C   2B09           01032         GOTO    LOOP1
030D   0008           01033         RETURN
030E                  01034 DELAY2
030E   30FF           01035         MOVLW   0xFF
030F   008D           01036         MOVWF   COUNT1
0310                  01037 LOOP2
0310   0000           01038         NOP
MPASM  5.35beta                       PROGRAM.ASM   4-25-2017  23:56:47         PAGE 21
7segment

LOC  OBJECT CODE     LINE SOURCE TEXT
  VALUE

0311   0000           01039         NOP
0312   0B8D           01040         DECFSZ  COUNT1,F
0313   2B10           01041         GOTO    LOOP2
0314   0008           01042         RETURN
0315                  01043 DELAY3
0315   3000           01044         MOVLW   H'00'
0316   008F           01045         MOVWF   COUNT3
0317   3000           01046         MOVLW   H'00'
0318   008E           01047         MOVWF   COUNT2
0319   3033           01048         MOVLW   0x33
031A   008D           01049         MOVWF   COUNT1
031B                  01050 LOOP3
031B   0F8F           01051         INCFSZ  COUNT3,F
031C   2B1B           01052         GOTO    LOOP3
031D   0F8E           01053         INCFSZ  COUNT2,F
031E   2B1B           01054         GOTO    LOOP3
031F   0B8D           01055         DECFSZ  COUNT1,F
0320   2B1B           01056         GOTO    LOOP3
0321   0008           01057         RETURN
0322                  01058 DELAY4
0322   3000           01059         MOVLW   H'00'
0323   008F           01060         MOVWF   COUNT3
0324   3000           01061         MOVLW   H'00'
0325   008E           01062         MOVWF   COUNT2
0326   300A           01063         MOVLW   0x0A
0327   008D           01064         MOVWF   COUNT1
0328                  01065 LOOP4
0328   0F8F           01066         INCFSZ  COUNT3,F
0329   2B28           01067         GOTO    LOOP4
032A   0F8E           01068         INCFSZ  COUNT2,F
032B   2B28           01069         GOTO    LOOP4
032C   0B8D           01070         DECFSZ  COUNT1,F
032D   2B28           01071         GOTO    LOOP4
032E   0008           01072         RETURN
032F   1486           01073 ET      BSF     PORTB,1
0330   0000           01074         NOP
0331   1086           01075         BCF     PORTB,1
0332   2305           01076         Call    DELAY1
0333   0008           01077         RETURN
0334                  01078 ETPRINT
0334   1486           01079         BSF     PORTB,1
0335   0000           01080         NOP
0336   1086           01081         BCF     PORTB,1
0337   2339           01082         Call    DELAYPRINT
0338   0008           01083         RETURN
0339                  01084 DELAYPRINT      
0339   30F9           01085         MOVLW   0xF9
033A   008D           01086         MOVWF   COUNT1
033B                  01087 LOOPETPRINT
033B   0B8D           01088         DECFSZ  COUNT1,F
033C   2B3B           01089         GOTO    LOOPETPRINT
033D   0008           01090         RETURN
                      01091         ;================================
MPASM  5.35beta                       PROGRAM.ASM   4-25-2017  23:56:47         PAGE 22
7segment

LOC  OBJECT CODE     LINE SOURCE TEXT
  VALUE

                      01092         
                      01093         END
MPASM  5.35beta                       PROGRAM.ASM   4-25-2017  23:56:47         PAGE 23
7segment

SYMBOL TABLE
  LABEL                             VALUE 

ADDRESS17                         00000138
APRINT                            000002A2
ARBI                              00000072
ARBI4                             0000007D
ARBI5                             00000086
ARBI6                             00000093
ARBI7                             00000096
BLINKOFF                          000002E9
BLINKON                           000002E2
BLOCK                             0000023F
BLOCKDOWN                         0000023A
BLOCKUP                           0000023D
BUZZER                            000001A9
C                                 00000000
CHECKDOWN                         00000226
CHECKLEFT                         000001F5
CHECKOBS                          000001A4
CHECKRIGHT                        000001DC
CHECKUP                           00000211
CLEARCHAR                         000002F0
CLEARDISP                         000002D8
COUNT1                            0000000D
COUNT2                            0000000E
COUNT3                            0000000F
COUNTTIME                         0000002D
CURSORLEFT                        000002F3
CURSORLOC                         00000024
CURSORLOCDEC                      00000289
CURSORLOCINC                      00000285
CURSORRIGHT                       000002FA
DC                                00000001
DELAY1                            00000305
DELAY2                            0000030E
DELAY3                            00000315
DELAY4                            00000322
DELAYPRINT                        00000339
DONE                              00000259
DONEALG                           00000032
DOWNLINE                          00000157
EEADR                             00000009
EECON1                            00000088
EECON2                            00000089
EEDATA                            00000008
EEIE                              00000006
EEIF                              00000004
EPRINT                            0000029F
ET                                0000032F
ETPRINT                           00000334
F                                 00000001
FILLDASH                          000002BA
FSR                               00000004
GIE                               00000007
INCREMENTITR                      0000025F
MPASM  5.35beta                       PROGRAM.ASM   4-25-2017  23:56:47         PAGE 24
7segment

SYMBOL TABLE
  LABEL                             VALUE 

INCREMENTITR2                     00000266
INDF                              00000000
INFLOOP                           0000006F
INTCON                            0000000B
INTE                              00000004
INTEDG                            00000006
INTF                              00000001
IRP                               00000007
ITR1                              00000027
ITR2                              00000028
ITRPRT                            0000026A
LEFTTODOWN                        00000225
LEFTTOUP                          00000210
LINE1T                            00000163
LINE2T                            00000166
LOOP1                             00000309
LOOP2                             00000310
LOOP2START                        000001C8
LOOP3                             0000031B
LOOP4                             00000328
LOOPDASH                          000002BC
LOOPETPRINT                       0000033B
LOOPPRINT                         000002C6
LOOPSTART                         000001BD
LOOPSTART2                        000001CB
M1                                00000010
M10                               00000019
M11                               0000001A
M12                               0000001B
M13                               0000001C
M14                               0000001D
M15                               0000001E
M16                               0000001F
M17                               00000020
M18                               00000021
M19                               00000022
M2                                00000011
M20                               00000023
M3                                00000012
M4                                00000013
M5                                00000014
M6                                00000015
M7                                00000016
M8                                00000017
M9                                00000018
MAIN                              0000002E
MAIN1                             00000008
MAZE                              0000028D
MODE                              0000000C
MODE1                             00000099
MODE2                             000000A2
MODE3                             000000AB
MODE4                             000000B4
MPASM  5.35beta                       PROGRAM.ASM   4-25-2017  23:56:47         PAGE 25
7segment

SYMBOL TABLE
  LABEL                             VALUE 

MODE5                             000000C9
MODE6                             000000E9
MOVEOBS                           0000010C
NEXT                              00000030
NOT_PD                            00000003
NOT_RBPU                          00000007
NOT_TO                            00000004
OBS                               00000029
OBS2                              0000002E
OBSCOUNT                          0000002B
OBSTEMP                           0000002A
OPRINT                            000002A5
OPTION_REG                        00000081
PATH                              00000294
PATHX                             00000277
PCL                               00000002
PCLATH                            0000000A
PLACEE                            00000195
PLACEOBS                          00000120
PLACEOM                           00000169
PLACES                            00000186
PORTA                             00000005
PORTB                             00000006
PRINT                             000002A8
PRINTDISP                         000002C4
PRINTPOINTER                      000002DF
PS0                               00000000
PS1                               00000001
PS2                               00000002
PSA                               00000003
RBIE                              00000003
RBIF                              00000000
RD                                00000000
REGLOC                            0000002C
REMAININGOBS                      00000031
REMOVESTARS                       00000249
RESE                              00000255
RESTART                           000001D7
RESTARTGAME                       00000281
RETRB                             00000301
RETT0                             00000303
RIGHTTOLEFT                       000001F4
RP0                               00000005
RP1                               00000006
SE                                00000030
SETADD                            000002B1
SETUPALG                          000001AD
SHIFTLEFT                         0000012C
SHIFTRIGHT                        00000132
SKIP10                            000002D2
SPRINT                            0000029C
START                             000001D2
STARTFSR                          00000026
MPASM  5.35beta                       PROGRAM.ASM   4-25-2017  23:56:47         PAGE 26
7segment

SYMBOL TABLE
  LABEL                             VALUE 

STARTLOC                          00000025
STATUS                            00000003
T0CS                              00000005
T0IE                              00000005
T0IF                              00000002
T0SE                              00000004
TEMP                              0000002F
TMR0                              00000001
TMRZERO                           00000140
TRISA                             00000085
TRISB                             00000086
UPLINE                            0000015D
UPORDOWN                          0000020D
W                                 00000000
WR                                00000001
WREN                              00000002
WRERR                             00000003
Z                                 00000002
_CP_OFF                           00003FFF
_CP_ON                            0000000F
_HS_OSC                           00003FFE
_LP_OSC                           00003FFC
_PWRTE_OFF                        00003FFF
_PWRTE_ON                         00003FF7
_RC_OSC                           00003FFF
_WDT_OFF                          00003FFB
_WDT_ON                           00003FFF
_XT_OSC                           00003FFD
__16F84A                          00000001
__DEBUG                           1


MEMORY USAGE MAP ('X' = Used,  '-' = Unused)

0000 : X---XXXXXXXXXXXX XXXXXXXXXXXXXXXX XXXXXXXXXXXXXXXX XXXXXXXXXXXXXXXX
0040 : XXXXXXXXXXXXXXXX XXXXXXXXXXXXXXXX XXXXXXXXXXXXXXXX XXXXXXXXXXXXXXXX
0080 : XXXXXXXXXXXXXXXX XXXXXXXXXXXXXXXX XXXXXXXXXXXXXXXX XXXXXXXXXXXXXXXX
00C0 : XXXXXXXXXXXXXXXX XXXXXXXXXXXXXXXX XXXXXXXXXXXXXXXX XXXXXXXXXXXXXXXX
0100 : XXXXXXXXXXXXXXXX XXXXXXXXXXXXXXXX XXXXXXXXXXXXXXXX XXXXXXXXXXXXXXXX
0140 : XXXXXXXXXXXXXXXX XXXXXXXXXXXXXXXX XXXXXXXXXXXXXXXX XXXXXXXXXXXXXXXX
0180 : XXXXXXXXXXXXXXXX XXXXXXXXXXXXXXXX XXXXXXXXXXXXXXXX XXXXXXXXXXXXXXXX
01C0 : XXXXXXXXXXXXXXXX XXXXXXXXXXXXXXXX XXXXXXXXXXXXXXXX XXXXXXXXXXXXXXXX
0200 : XXXXXXXXXXXXXXXX XXXXXXXXXXXXXXXX XXXXXXXXXXXXXXXX XXXXXXXXXXXXXXXX
0240 : XXXXXXXXXXXXXXXX XXXXXXXXXXXXXXXX XXXXXXXXXXXXXXXX XXXXXXXXXXXXXXXX
0280 : XXXXXXXXXXXXXXXX XXXXXXXXXXXXXXXX XXXXXXXXXXXXXXXX XXXXXXXXXXXXXXXX
02C0 : XXXXXXXXXXXXXXXX XXXXXXXXXXXXXXXX XXXXXXXXXXXXXXXX XXXXXXXXXXXXXXXX
MPASM  5.35beta                       PROGRAM.ASM   4-25-2017  23:56:47         PAGE 27
7segment

MEMORY USAGE MAP ('X' = Used,  '-' = Unused)


0300 : XXXXXXXXXXXXXXXX XXXXXXXXXXXXXXXX XXXXXXXXXXXXXXXX XXXXXXXXXXXXXX--

All other memory blocks unused.

Program Memory Words Used:   827
Program Memory Words Free:   197


Errors   :     0
Warnings :     0 reported,     0 suppressed
Messages :    10 reported,     0 suppressed

